<?xml version="1.0" encoding="UTF-8"?>
<testng-results ignored="0" total="1" passed="1" failed="0" skipped="0">
  <reporter-output>
    <line>
      <![CDATA[Launching Browser]]>
    </line>
    <line>
      <![CDATA[waiting..]]>
    </line>
    <line>
      <![CDATA[clicking on gender button..]]>
    </line>
    <line>
      <![CDATA[clicking on next button..]]>
    </line>
    <line>
      <![CDATA[handeling age dropdown..]]>
    </line>
    <line>
      <![CDATA[clicking on next button..]]>
    </line>
    <line>
      <![CDATA[enetring pincode..]]>
    </line>
    <line>
      <![CDATA[enetring mobile number..]]>
    </line>
    <line>
      <![CDATA[clicking on continue button..]]>
    </line>
    <line>
      <![CDATA[getting policy count from text displayed ..]]>
    </line>
    <line>
      <![CDATA[getting policy count from banners displayed ..]]>
    </line>
    <line>
      <![CDATA[closing browser]]>
    </line>
  </reporter-output>
  <suite started-at="2024-10-17T16:23:32 IST" name="Default suite" finished-at="2024-10-17T16:24:08 IST" duration-ms="36453">
    <groups>
    </groups>
    <test started-at="2024-10-17T16:23:32 IST" name="Default test" finished-at="2024-10-17T16:24:08 IST" duration-ms="36453">
      <class name="coverFoxTest.TC1234_CoverFox_ValidateBannerCount">
        <test-method is-config="true" signature="openApplication()[pri:0, instance:coverFoxTest.TC1234_CoverFox_ValidateBannerCount@4988d8b8]" started-at="2024-10-17T16:23:32 IST" name="openApplication" finished-at="2024-10-17T16:23:53 IST" duration-ms="21081" status="PASS">
          <reporter-output>
            <line>
              <![CDATA[Launching Browser]]>
            </line>
            <line>
              <![CDATA[waiting..]]>
            </line>
          </reporter-output>
        </test-method> <!-- openApplication -->
        <test-method is-config="true" signature="enterDetails()[pri:0, instance:coverFoxTest.TC1234_CoverFox_ValidateBannerCount@4988d8b8]" started-at="2024-10-17T16:23:53 IST" name="enterDetails" finished-at="2024-10-17T16:24:07 IST" duration-ms="14082" status="PASS">
          <reporter-output>
            <line>
              <![CDATA[clicking on gender button..]]>
            </line>
            <line>
              <![CDATA[clicking on next button..]]>
            </line>
            <line>
              <![CDATA[handeling age dropdown..]]>
            </line>
            <line>
              <![CDATA[clicking on next button..]]>
            </line>
            <line>
              <![CDATA[enetring pincode..]]>
            </line>
            <line>
              <![CDATA[enetring mobile number..]]>
            </line>
            <line>
              <![CDATA[clicking on continue button..]]>
            </line>
          </reporter-output>
        </test-method> <!-- enterDetails -->
        <test-method signature="valiadatePolicyCount()[pri:0, instance:coverFoxTest.TC1234_CoverFox_ValidateBannerCount@4988d8b8]" started-at="2024-10-17T16:24:07 IST" name="valiadatePolicyCount" finished-at="2024-10-17T16:24:07 IST" duration-ms="176" status="PASS">
          <reporter-output>
            <line>
              <![CDATA[getting policy count from text displayed ..]]>
            </line>
            <line>
              <![CDATA[getting policy count from banners displayed ..]]>
            </line>
          </reporter-output>
        </test-method> <!-- valiadatePolicyCount -->
        <test-method is-config="true" signature="closeApplication()[pri:0, instance:coverFoxTest.TC1234_CoverFox_ValidateBannerCount@4988d8b8]" started-at="2024-10-17T16:24:07 IST" name="closeApplication" finished-at="2024-10-17T16:24:08 IST" duration-ms="988" status="PASS">
          <reporter-output>
            <line>
              <![CDATA[closing browser]]>
            </line>
          </reporter-output>
        </test-method> <!-- closeApplication -->
      </class> <!-- coverFoxTest.TC1234_CoverFox_ValidateBannerCount -->
    </test> <!-- Default test -->
  </suite> <!-- Default suite -->
</testng-results>
